<?xml version="1.0" encoding="UTF-8"?>
<robot generator="Robot 5.0.1 (Python 3.8.10 on linux)" generated="20231025 14:50:52.119" rpa="false" schemaversion="3">
<suite id="s1" name="Create Story Test" source="/home/my/PycharmProjects/StoryWeaver/Test_Suites/Create_Story_Test.robot">
<test id="s1-t1" name="Setup" line="8">
<kw name="Open_Web_browser" library="common">
<arg>${IndividualImageURL}</arg>
<kw name="Run Process" library="Process">
<arg>webdrivermanager</arg>
<arg>chrome</arg>
<doc>Runs a process and waits for it to complete.</doc>
<msg timestamp="20231025 14:50:52.385" level="INFO">Starting process:
webdrivermanager chrome</msg>
<msg timestamp="20231025 14:50:52.400" level="INFO">Waiting for process to complete.</msg>
<msg timestamp="20231025 14:51:00.649" level="INFO">Process completed.</msg>
<status status="PASS" starttime="20231025 14:50:52.384" endtime="20231025 14:51:00.649"/>
</kw>
<kw name="Open Browser" library="SeleniumLibrary">
<arg>${Url}</arg>
<arg>${browser_Name}</arg>
<doc>Opens a new browser instance to the optional ``url``.</doc>
<msg timestamp="20231025 14:51:00.652" level="INFO">Opening browser 'headlesschrome' to base url 'https://feature1.pbees.party/en/illustrations/589'.</msg>
<status status="PASS" starttime="20231025 14:51:00.650" endtime="20231025 14:51:04.638"/>
</kw>
<kw name="Set Window Size" library="SeleniumLibrary">
<arg>1536</arg>
<arg>864</arg>
<doc>Sets current windows size to given ``width`` and ``height``.</doc>
<status status="PASS" starttime="20231025 14:51:04.639" endtime="20231025 14:51:04.758"/>
</kw>
<kw name="Set Selenium Implicit Wait" library="SeleniumLibrary">
<arg>20s</arg>
<doc>Sets the implicit wait value used by Selenium.</doc>
<status status="PASS" starttime="20231025 14:51:04.759" endtime="20231025 14:51:04.764"/>
</kw>
<kw name="Maximize Browser Window" library="SeleniumLibrary">
<doc>Maximizes current browser window.</doc>
<status status="PASS" starttime="20231025 14:51:04.765" endtime="20231025 14:51:04.875"/>
</kw>
<kw name="Sleep" library="BuiltIn">
<arg>20s</arg>
<doc>Pauses the test executed for the given time.</doc>
<msg timestamp="20231025 14:51:24.876" level="INFO">Slept 20 seconds</msg>
<status status="PASS" starttime="20231025 14:51:04.875" endtime="20231025 14:51:24.877"/>
</kw>
<status status="PASS" starttime="20231025 14:50:52.383" endtime="20231025 14:51:24.878"/>
</kw>
<status status="PASS" starttime="20231025 14:50:52.382" endtime="20231025 14:51:24.879"/>
</test>
<test id="s1-t2" name="Test for clicking on create option from main menu as an unsigned user" line="10">
<kw name="Hover and click on create option from main menu" library="CreateFeatureObjects">
<kw name="Wait Until Element Is Not Visible" library="SeleniumLibrary">
<arg>${GlobalSlimNotification}</arg>
<arg>timeout=10s</arg>
<doc>Waits until the element ``locator`` is not visible.</doc>
<status status="PASS" starttime="20231025 14:51:24.887" endtime="20231025 14:51:24.962"/>
</kw>
<kw name="Sleep" library="BuiltIn">
<arg>2s</arg>
<doc>Pauses the test executed for the given time.</doc>
<msg timestamp="20231025 14:51:26.962" level="INFO">Slept 2 seconds</msg>
<status status="PASS" starttime="20231025 14:51:24.962" endtime="20231025 14:51:26.963"/>
</kw>
<kw name="Mouse Over" library="SeleniumLibrary">
<arg>${CreateMenu}</arg>
<doc>Simulates hovering the mouse over the element ``locator``.</doc>
<msg timestamp="20231025 14:51:26.965" level="INFO">Simulating Mouse Over on element '//*[text()="Create"]'.</msg>
<status status="PASS" starttime="20231025 14:51:26.964" endtime="20231025 14:51:27.265"/>
</kw>
<kw name="Click Element" library="SeleniumLibrary">
<arg>${DropdownCreate}</arg>
<doc>Click the element identified by ``locator``.</doc>
<msg timestamp="20231025 14:51:27.266" level="INFO">Clicking element '(//span[@class="pb-site-nav-link__title"][text()='Create'])[2]'.</msg>
<status status="PASS" starttime="20231025 14:51:27.265" endtime="20231025 14:51:29.995"/>
</kw>
<status status="PASS" starttime="20231025 14:51:24.885" endtime="20231025 14:51:29.995"/>
</kw>
<kw name="Verify the Login/signup modal should visible" library="LoginModalObjects">
<kw name="Sleep" library="BuiltIn">
<arg>2s</arg>
<doc>Pauses the test executed for the given time.</doc>
<msg timestamp="20231025 14:51:31.997" level="INFO">Slept 2 seconds</msg>
<status status="PASS" starttime="20231025 14:51:29.996" endtime="20231025 14:51:31.997"/>
</kw>
<kw name="Element Should Be Visible" library="SeleniumLibrary">
<arg>${Login/SignupModal}</arg>
<doc>Verifies that the element identified by ``locator`` is visible.</doc>
<msg timestamp="20231025 14:51:32.030" level="INFO">Element '//form[@class="pb-auth-modal__form-content"]' is displayed.</msg>
<status status="PASS" starttime="20231025 14:51:31.997" endtime="20231025 14:51:32.030"/>
</kw>
<status status="PASS" starttime="20231025 14:51:29.995" endtime="20231025 14:51:32.031"/>
</kw>
<kw name="Close Login/Signup Modal" library="LoginModalObjects">
<kw name="Click Element" library="SeleniumLibrary">
<arg>${CloseButton}</arg>
<doc>Click the element identified by ``locator``.</doc>
<msg timestamp="20231025 14:51:32.031" level="INFO">Clicking element '//div[@title="Close"]'.</msg>
<status status="PASS" starttime="20231025 14:51:32.031" endtime="20231025 14:51:32.124"/>
</kw>
<status status="PASS" starttime="20231025 14:51:32.031" endtime="20231025 14:51:32.124"/>
</kw>
<tag>Sanity</tag>
<tag>TC200</tag>
<status status="PASS" starttime="20231025 14:51:24.881" endtime="20231025 14:51:32.124"/>
</test>
<test id="s1-t3" name="Test for clicking on create option from individual image page" line="15">
<kw name="Accept GDPR" library="common">
<kw name="Click Element" library="SeleniumLibrary">
<arg>//a[text()='Agree']</arg>
<doc>Click the element identified by ``locator``.</doc>
<msg timestamp="20231025 14:51:32.128" level="INFO">Clicking element '//a[text()='Agree']'.</msg>
<status status="PASS" starttime="20231025 14:51:32.127" endtime="20231025 14:51:32.205"/>
</kw>
<status status="PASS" starttime="20231025 14:51:32.127" endtime="20231025 14:51:32.205"/>
</kw>
<kw name="Click on create story button from individual image page" library="ImagePageObjects">
<kw name="Scroll Element Into View" library="SeleniumLibrary">
<arg>${CreateStoryButton}</arg>
<doc>Scrolls the element identified by ``locator`` into view.</doc>
<status status="PASS" starttime="20231025 14:51:32.205" endtime="20231025 14:51:32.495"/>
</kw>
<kw name="Click Element" library="SeleniumLibrary">
<arg>${CreateStoryButton}</arg>
<doc>Click the element identified by ``locator``.</doc>
<msg timestamp="20231025 14:51:32.497" level="INFO">Clicking element '//a[contains(text(),'Create Story')]'.</msg>
<status status="PASS" starttime="20231025 14:51:32.496" endtime="20231025 14:51:32.637"/>
</kw>
<kw name="Sleep" library="BuiltIn">
<arg>2s</arg>
<doc>Pauses the test executed for the given time.</doc>
<msg timestamp="20231025 14:51:34.638" level="INFO">Slept 2 seconds</msg>
<status status="PASS" starttime="20231025 14:51:32.637" endtime="20231025 14:51:34.638"/>
</kw>
<status status="PASS" starttime="20231025 14:51:32.205" endtime="20231025 14:51:34.639"/>
</kw>
<kw name="Click on Login/Signup button from generic login signup(Appear when clicked on action button)" library="LoginModalObjects">
<kw name="Sleep" library="BuiltIn">
<arg>2s</arg>
<doc>Pauses the test executed for the given time.</doc>
<msg timestamp="20231025 14:51:36.641" level="INFO">Slept 2 seconds</msg>
<status status="PASS" starttime="20231025 14:51:34.640" endtime="20231025 14:51:36.642"/>
</kw>
<kw name="Click Element" library="SeleniumLibrary">
<arg>${LoginButtonSmallModal}</arg>
<doc>Click the element identified by ``locator``.</doc>
<msg timestamp="20231025 14:51:36.643" level="INFO">Clicking element '//a[text()='Log In']'.</msg>
<status status="PASS" starttime="20231025 14:51:36.642" endtime="20231025 14:51:36.788"/>
</kw>
<status status="PASS" starttime="20231025 14:51:34.639" endtime="20231025 14:51:36.788"/>
</kw>
<kw name="Verify the Login/signup modal should visible" library="LoginModalObjects">
<kw name="Sleep" library="BuiltIn">
<arg>2s</arg>
<doc>Pauses the test executed for the given time.</doc>
<msg timestamp="20231025 14:51:38.789" level="INFO">Slept 2 seconds</msg>
<status status="PASS" starttime="20231025 14:51:36.789" endtime="20231025 14:51:38.790"/>
</kw>
<kw name="Element Should Be Visible" library="SeleniumLibrary">
<arg>${Login/SignupModal}</arg>
<doc>Verifies that the element identified by ``locator`` is visible.</doc>
<msg timestamp="20231025 14:51:38.814" level="INFO">Element '//form[@class="pb-auth-modal__form-content"]' is displayed.</msg>
<status status="PASS" starttime="20231025 14:51:38.790" endtime="20231025 14:51:38.814"/>
</kw>
<status status="PASS" starttime="20231025 14:51:36.788" endtime="20231025 14:51:38.814"/>
</kw>
<tag>Sanity</tag>
<tag>TC201</tag>
<status status="PASS" starttime="20231025 14:51:32.125" endtime="20231025 14:51:38.814"/>
</test>
<test id="s1-t4" name="Test for Login and opening create page" line="21">
<kw name="Login" library="LoginModalObjects">
<kw name="Click Element" library="SeleniumLibrary">
<arg>${Emailbuttonmodal}</arg>
<doc>Click the element identified by ``locator``.</doc>
<msg timestamp="20231025 14:51:38.817" level="INFO">Clicking element '//a[text()="Email"]'.</msg>
<status status="PASS" starttime="20231025 14:51:38.817" endtime="20231025 14:51:38.904"/>
</kw>
<kw name="Input Text" library="SeleniumLibrary">
<arg>${EmailInputField}</arg>
<arg>${UserName}</arg>
<doc>Types the given ``text`` into the text field identified by ``locator``.</doc>
<msg timestamp="20231025 14:51:38.904" level="INFO">Typing text 'zahid@yopmail.com' into text field '//input[@id='auth-modal-email']'.</msg>
<status status="PASS" starttime="20231025 14:51:38.904" endtime="20231025 14:51:39.112"/>
</kw>
<kw name="Click Button" library="SeleniumLibrary">
<arg>${NextButton}</arg>
<doc>Clicks the button identified by ``locator``.</doc>
<msg timestamp="20231025 14:51:39.113" level="INFO">Clicking button '//button[text()='Next']'.</msg>
<status status="PASS" starttime="20231025 14:51:39.113" endtime="20231025 14:51:39.328"/>
</kw>
<kw name="Input Password" library="SeleniumLibrary">
<arg>${PasswordField}</arg>
<arg>${Password}</arg>
<doc>Types the given password into the text field identified by ``locator``.</doc>
<msg timestamp="20231025 14:51:39.329" level="INFO">Typing password into text field '//input[@id='auth-modal-password']'.</msg>
<msg timestamp="20231025 14:51:39.392" level="INFO">Temporally setting log level to: NONE</msg>
<msg timestamp="20231025 14:51:39.590" level="INFO">Log level changed from NONE to INFO.</msg>
<status status="PASS" starttime="20231025 14:51:39.328" endtime="20231025 14:51:39.590"/>
</kw>
<kw name="Click Button" library="SeleniumLibrary">
<arg>${LoginButton}</arg>
<doc>Clicks the button identified by ``locator``.</doc>
<msg timestamp="20231025 14:51:39.590" level="INFO">Clicking button '//button[text()='Log In']'.</msg>
<status status="PASS" starttime="20231025 14:51:39.590" endtime="20231025 14:51:39.781"/>
</kw>
<kw name="Sleep" library="BuiltIn">
<arg>3s</arg>
<doc>Pauses the test executed for the given time.</doc>
<msg timestamp="20231025 14:51:42.782" level="INFO">Slept 3 seconds</msg>
<status status="PASS" starttime="20231025 14:51:39.782" endtime="20231025 14:51:42.783"/>
</kw>
<kw name="Element Text Should Be" library="SeleniumLibrary">
<arg>${GlobalSlimNotification}</arg>
<arg>Login Successful</arg>
<doc>Verifies that element ``locator`` contains exact the text ``expected``.</doc>
<msg timestamp="20231025 14:51:42.784" level="INFO">Verifying element 'xpath=//*[@class="pb-slim-notification-container"]' contains exact text 'Login Successful'.</msg>
<status status="PASS" starttime="20231025 14:51:42.783" endtime="20231025 14:51:42.847"/>
</kw>
<kw name="Click Element" library="SeleniumLibrary">
<arg>${CloseButton}</arg>
<doc>Click the element identified by ``locator``.</doc>
<msg timestamp="20231025 14:51:42.847" level="INFO">Clicking element '//div[@title="Close"]'.</msg>
<status status="PASS" starttime="20231025 14:51:42.847" endtime="20231025 14:51:42.912"/>
</kw>
<status status="PASS" starttime="20231025 14:51:38.816" endtime="20231025 14:51:42.912"/>
</kw>
<kw name="Hover and click on create option from main menu" library="CreateFeatureObjects">
<kw name="Wait Until Element Is Not Visible" library="SeleniumLibrary">
<arg>${GlobalSlimNotification}</arg>
<arg>timeout=10s</arg>
<doc>Waits until the element ``locator`` is not visible.</doc>
<status status="PASS" starttime="20231025 14:51:42.913" endtime="20231025 14:51:42.935"/>
</kw>
<kw name="Sleep" library="BuiltIn">
<arg>2s</arg>
<doc>Pauses the test executed for the given time.</doc>
<msg timestamp="20231025 14:51:44.936" level="INFO">Slept 2 seconds</msg>
<status status="PASS" starttime="20231025 14:51:42.935" endtime="20231025 14:51:44.936"/>
</kw>
<kw name="Mouse Over" library="SeleniumLibrary">
<arg>${CreateMenu}</arg>
<doc>Simulates hovering the mouse over the element ``locator``.</doc>
<msg timestamp="20231025 14:51:44.937" level="INFO">Simulating Mouse Over on element '//*[text()="Create"]'.</msg>
<status status="PASS" starttime="20231025 14:51:44.936" endtime="20231025 14:51:45.263"/>
</kw>
<kw name="Click Element" library="SeleniumLibrary">
<arg>${DropdownCreate}</arg>
<doc>Click the element identified by ``locator``.</doc>
<msg timestamp="20231025 14:51:45.265" level="INFO">Clicking element '(//span[@class="pb-site-nav-link__title"][text()='Create'])[2]'.</msg>
<status status="PASS" starttime="20231025 14:51:45.264" endtime="20231025 14:51:48.651"/>
</kw>
<status status="PASS" starttime="20231025 14:51:42.912" endtime="20231025 14:51:48.651"/>
</kw>
<kw name="Verify create page opened" library="CreateFeatureObjects">
<kw name="Sleep" library="BuiltIn">
<arg>5s</arg>
<doc>Pauses the test executed for the given time.</doc>
<msg timestamp="20231025 14:51:53.658" level="INFO">Slept 5 seconds</msg>
<status status="PASS" starttime="20231025 14:51:48.658" endtime="20231025 14:51:53.659"/>
</kw>
<kw name="Run Keyword And Return Status" library="BuiltIn">
<var>${PublishForm}</var>
<arg>Element Should Be Visible</arg>
<arg>${SelectLanguage}</arg>
<doc>Runs the given keyword with given arguments and returns the status as a Boolean value.</doc>
<kw name="Element Should Be Visible" library="SeleniumLibrary">
<arg>${SelectLanguage}</arg>
<doc>Verifies that the element identified by ``locator`` is visible.</doc>
<msg timestamp="20231025 14:51:53.718" level="INFO">Element '//select[@id='story_language_id']' is displayed.</msg>
<status status="PASS" starttime="20231025 14:51:53.660" endtime="20231025 14:51:53.718"/>
</kw>
<msg timestamp="20231025 14:51:53.719" level="INFO">${PublishForm} = True</msg>
<status status="PASS" starttime="20231025 14:51:53.660" endtime="20231025 14:51:53.719"/>
</kw>
<while condition="${PublishForm} != ${TRUE}">
<iter>
<kw name="Reload Page" library="SeleniumLibrary">
<doc>Simulates user reloading page.</doc>
<status status="NOT RUN" starttime="20231025 14:51:53.719" endtime="20231025 14:51:53.719"/>
</kw>
<kw name="Run Keyword And Return Status" library="BuiltIn">
<var>${PublishForm}</var>
<arg>Page Should Contain Element</arg>
<arg>${SelectLanguage}</arg>
<doc>Runs the given keyword with given arguments and returns the status as a Boolean value.</doc>
<status status="NOT RUN" starttime="20231025 14:51:53.719" endtime="20231025 14:51:53.720"/>
</kw>
<status status="NOT RUN" starttime="20231025 14:51:53.719" endtime="20231025 14:51:53.720"/>
</iter>
<status status="NOT RUN" starttime="20231025 14:51:53.719" endtime="20231025 14:51:53.720"/>
</while>
<kw name="Element Should Be Visible" library="SeleniumLibrary">
<arg>${SelectLanguage}</arg>
<doc>Verifies that the element identified by ``locator`` is visible.</doc>
<msg timestamp="20231025 14:51:53.748" level="INFO">Element '//select[@id='story_language_id']' is displayed.</msg>
<status status="PASS" starttime="20231025 14:51:53.720" endtime="20231025 14:51:53.748"/>
</kw>
<status status="PASS" starttime="20231025 14:51:48.657" endtime="20231025 14:51:53.748"/>
</kw>
<tag>Sanity</tag>
<tag>TC202</tag>
<status status="PASS" starttime="20231025 14:51:38.815" endtime="20231025 14:51:53.748"/>
</test>
<test id="s1-t5" name="Test for filling the publish form" line="26">
<kw name="Select language of Story in Publish Form" library="CreateFeatureObjects">
<kw name="Select From List By Value" library="SeleniumLibrary">
<arg>${SelectLanguage}</arg>
<arg>4</arg>
<doc>Selects options from selection list ``locator`` by ``values``.</doc>
<msg timestamp="20231025 14:51:53.750" level="INFO">Selecting options from selection list '//select[@id='story_language_id']' by value 4.</msg>
<status status="PASS" starttime="20231025 14:51:53.750" endtime="20231025 14:51:54.000"/>
</kw>
<status status="PASS" starttime="20231025 14:51:53.750" endtime="20231025 14:51:54.000"/>
</kw>
<kw name="Enter Story title in Publish Form" library="CreateFeatureObjects">
<kw name="Input Text" library="SeleniumLibrary">
<arg>${StorytitleField}</arg>
<arg>${StoryTitleText}</arg>
<doc>Types the given ``text`` into the text field identified by ``locator``.</doc>
<msg timestamp="20231025 14:51:54.001" level="INFO">Typing text 'हिंडिटेक्शत् Test' into text field '//input[@id='story_title']'.</msg>
<status status="PASS" starttime="20231025 14:51:54.001" endtime="20231025 14:51:54.202"/>
</kw>
<kw name="Sleep" library="BuiltIn">
<arg>4s</arg>
<doc>Pauses the test executed for the given time.</doc>
<msg timestamp="20231025 14:51:58.203" level="INFO">Slept 4 seconds</msg>
<status status="PASS" starttime="20231025 14:51:54.202" endtime="20231025 14:51:58.203"/>
</kw>
<status status="PASS" starttime="20231025 14:51:54.001" endtime="20231025 14:51:58.203"/>
</kw>
<kw name="Select level of Story in Publsih Form" library="CreateFeatureObjects">
<kw name="Click Element" library="SeleniumLibrary">
<arg>${StoryLevel}</arg>
<doc>Click the element identified by ``locator``.</doc>
<msg timestamp="20231025 14:51:58.206" level="INFO">Clicking element '//strong[contains(text(),'Level 1:')]'.</msg>
<status status="PASS" starttime="20231025 14:51:58.205" endtime="20231025 14:51:58.298"/>
</kw>
<status status="PASS" starttime="20231025 14:51:58.204" endtime="20231025 14:51:58.299"/>
</kw>
<kw name="Click on start with words button in Publish Form" library="CreateFeatureObjects">
<kw name="Click Element" library="SeleniumLibrary">
<arg>${StartswithWordsButton}</arg>
<doc>Click the element identified by ``locator``.</doc>
<msg timestamp="20231025 14:51:58.300" level="INFO">Clicking element '//input[@id="with_words"]'.</msg>
<status status="PASS" starttime="20231025 14:51:58.299" endtime="20231025 14:51:58.381"/>
</kw>
<status status="PASS" starttime="20231025 14:51:58.299" endtime="20231025 14:51:58.382"/>
</kw>
<tag>Sanity</tag>
<tag>TC203</tag>
<status status="PASS" starttime="20231025 14:51:53.749" endtime="20231025 14:51:58.382"/>
</test>
<test id="s1-t6" name="Test for adding new page and add image and text in 3rd page" line="32">
<kw name="Insert new page in the editor" library="CreateFeatureObjects">
<kw name="Sleep" library="BuiltIn">
<arg>2s</arg>
<doc>Pauses the test executed for the given time.</doc>
<msg timestamp="20231025 14:52:00.385" level="INFO">Slept 2 seconds</msg>
<status status="PASS" starttime="20231025 14:51:58.384" endtime="20231025 14:52:00.385"/>
</kw>
<kw name="Click Element" library="SeleniumLibrary">
<arg>${InsertPageButton}</arg>
<doc>Click the element identified by ``locator``.</doc>
<msg timestamp="20231025 14:52:00.387" level="INFO">Clicking element '//span[@id='insert_pages']'.</msg>
<status status="PASS" starttime="20231025 14:52:00.386" endtime="20231025 14:52:00.561"/>
</kw>
<kw name="Click Element" library="SeleniumLibrary">
<arg>${InsertOkaybutton}</arg>
<doc>Click the element identified by ``locator``.</doc>
<msg timestamp="20231025 14:52:00.562" level="INFO">Clicking element '(//span[@id='insert_page'])[1]'.</msg>
<status status="PASS" starttime="20231025 14:52:00.561" endtime="20231025 14:52:00.786"/>
</kw>
<kw name="Sleep" library="BuiltIn">
<arg>2s</arg>
<doc>Pauses the test executed for the given time.</doc>
<msg timestamp="20231025 14:52:02.787" level="INFO">Slept 2 seconds</msg>
<status status="PASS" starttime="20231025 14:52:00.786" endtime="20231025 14:52:02.787"/>
</kw>
<status status="PASS" starttime="20231025 14:51:58.384" endtime="20231025 14:52:02.788"/>
</kw>
<kw name="Add random image to reader" library="CreateFeatureObjects">
<kw name="Click Element" library="SeleniumLibrary">
<arg>${AddImageButton}</arg>
<doc>Click the element identified by ``locator``.</doc>
<msg timestamp="20231025 14:52:02.790" level="INFO">Clicking element '//span[text()='add an image']'.</msg>
<status status="PASS" starttime="20231025 14:52:02.789" endtime="20231025 14:52:02.902"/>
</kw>
<kw name="Mouse Over" library="SeleniumLibrary">
<arg>${Add the first image}</arg>
<doc>Simulates hovering the mouse over the element ``locator``.</doc>
<msg timestamp="20231025 14:52:02.903" level="INFO">Simulating Mouse Over on element '(//a[@class="illustration_drawer_img"])[1]'.</msg>
<status status="PASS" starttime="20231025 14:52:02.902" endtime="20231025 14:52:03.993"/>
</kw>
<kw name="Click Element" library="SeleniumLibrary">
<arg>${Addimagetopage}</arg>
<doc>Click the element identified by ``locator``.</doc>
<msg timestamp="20231025 14:52:03.994" level="INFO">Clicking element '(//*[text()="add to current page"])'.</msg>
<status status="PASS" starttime="20231025 14:52:03.994" endtime="20231025 14:52:04.077"/>
</kw>
<kw name="Sleep" library="BuiltIn">
<arg>2s</arg>
<doc>Pauses the test executed for the given time.</doc>
<msg timestamp="20231025 14:52:06.078" level="INFO">Slept 2 seconds</msg>
<status status="PASS" starttime="20231025 14:52:04.077" endtime="20231025 14:52:06.079"/>
</kw>
<kw name="Click Element" library="SeleniumLibrary">
<arg>${SaveImagebutton}</arg>
<doc>Click the element identified by ``locator``.</doc>
<msg timestamp="20231025 14:52:06.080" level="INFO">Clicking element '//i[@class='cropControlSave']'.</msg>
<status status="PASS" starttime="20231025 14:52:06.079" endtime="20231025 14:52:06.298"/>
</kw>
<status status="PASS" starttime="20231025 14:52:02.788" endtime="20231025 14:52:06.299"/>
</kw>
<kw name="Adding Text in Readers textbox" library="CreateFeatureObjects">
<kw name="Sleep" library="BuiltIn">
<arg>2s</arg>
<doc>Pauses the test executed for the given time.</doc>
<msg timestamp="20231025 14:52:08.303" level="INFO">Slept 2 seconds</msg>
<status status="PASS" starttime="20231025 14:52:06.302" endtime="20231025 14:52:08.304"/>
</kw>
<kw name="Input Text" library="SeleniumLibrary">
<arg>${Editorsection}</arg>
<arg>Testing Test for editor by automation.</arg>
<doc>Types the given ``text`` into the text field identified by ``locator``.</doc>
<msg timestamp="20231025 14:52:08.305" level="INFO">Typing text 'Testing Test for editor by automation.' into text field '//div[@id='txtEditor']'.</msg>
<status status="PASS" starttime="20231025 14:52:08.304" endtime="20231025 14:52:08.610"/>
</kw>
<status status="PASS" starttime="20231025 14:52:06.300" endtime="20231025 14:52:08.610"/>
</kw>
<kw name="Click on second page" library="CreateFeatureObjects">
<kw name="Click Element" library="SeleniumLibrary">
<arg>${ReadersSecondPage}</arg>
<doc>Click the element identified by ``locator``.</doc>
<msg timestamp="20231025 14:52:08.611" level="INFO">Clicking element '(//div[@class="illustration_container"])[2]'.</msg>
<status status="PASS" starttime="20231025 14:52:08.611" endtime="20231025 14:52:08.699"/>
</kw>
<kw name="Sleep" library="BuiltIn">
<arg>3s</arg>
<doc>Pauses the test executed for the given time.</doc>
<msg timestamp="20231025 14:52:11.700" level="INFO">Slept 3 seconds</msg>
<status status="PASS" starttime="20231025 14:52:08.699" endtime="20231025 14:52:11.700"/>
</kw>
<status status="PASS" starttime="20231025 14:52:08.610" endtime="20231025 14:52:11.700"/>
</kw>
<tag>Sanity</tag>
<tag>TC205</tag>
<status status="PASS" starttime="20231025 14:51:58.383" endtime="20231025 14:52:11.701"/>
</test>
<test id="s1-t7" name="Test for selecting readers orientation" line="38">
<kw name="Select some orientation for the reader" library="CreateFeatureObjects">
<kw name="Click Element" library="SeleniumLibrary">
<arg>${OrientationDropdown}</arg>
<doc>Click the element identified by ``locator``.</doc>
<msg timestamp="20231025 14:52:11.704" level="INFO">Clicking element '//span[text()='Orientation &amp; Layout']'.</msg>
<status status="PASS" starttime="20231025 14:52:11.703" endtime="20231025 14:52:11.800"/>
</kw>
<kw name="Click Element" library="SeleniumLibrary">
<arg>${ReaderOrientation}</arg>
<doc>Click the element identified by ``locator``.</doc>
<msg timestamp="20231025 14:52:11.801" level="INFO">Clicking element '(//img[@class="sc-sidebar-layout-img"])[5]'.</msg>
<status status="PASS" starttime="20231025 14:52:11.801" endtime="20231025 14:52:12.018"/>
</kw>
<kw name="Sleep" library="BuiltIn">
<arg>2s</arg>
<doc>Pauses the test executed for the given time.</doc>
<msg timestamp="20231025 14:52:14.019" level="INFO">Slept 2 seconds</msg>
<status status="PASS" starttime="20231025 14:52:12.018" endtime="20231025 14:52:14.019"/>
</kw>
<status status="PASS" starttime="20231025 14:52:11.703" endtime="20231025 14:52:14.020"/>
</kw>
<kw name="Add random image to reader" library="CreateFeatureObjects">
<kw name="Click Element" library="SeleniumLibrary">
<arg>${AddImageButton}</arg>
<doc>Click the element identified by ``locator``.</doc>
<msg timestamp="20231025 14:52:14.022" level="INFO">Clicking element '//span[text()='add an image']'.</msg>
<status status="PASS" starttime="20231025 14:52:14.021" endtime="20231025 14:52:14.129"/>
</kw>
<kw name="Mouse Over" library="SeleniumLibrary">
<arg>${Add the first image}</arg>
<doc>Simulates hovering the mouse over the element ``locator``.</doc>
<msg timestamp="20231025 14:52:14.129" level="INFO">Simulating Mouse Over on element '(//a[@class="illustration_drawer_img"])[1]'.</msg>
<status status="PASS" starttime="20231025 14:52:14.129" endtime="20231025 14:52:15.360"/>
</kw>
<kw name="Click Element" library="SeleniumLibrary">
<arg>${Addimagetopage}</arg>
<doc>Click the element identified by ``locator``.</doc>
<msg timestamp="20231025 14:52:15.360" level="INFO">Clicking element '(//*[text()="add to current page"])'.</msg>
<status status="PASS" starttime="20231025 14:52:15.360" endtime="20231025 14:52:15.433"/>
</kw>
<kw name="Sleep" library="BuiltIn">
<arg>2s</arg>
<doc>Pauses the test executed for the given time.</doc>
<msg timestamp="20231025 14:52:17.434" level="INFO">Slept 2 seconds</msg>
<status status="PASS" starttime="20231025 14:52:15.433" endtime="20231025 14:52:17.435"/>
</kw>
<kw name="Click Element" library="SeleniumLibrary">
<arg>${SaveImagebutton}</arg>
<doc>Click the element identified by ``locator``.</doc>
<msg timestamp="20231025 14:52:17.436" level="INFO">Clicking element '//i[@class='cropControlSave']'.</msg>
<status status="PASS" starttime="20231025 14:52:17.435" endtime="20231025 14:52:17.550"/>
</kw>
<status status="PASS" starttime="20231025 14:52:14.020" endtime="20231025 14:52:17.551"/>
</kw>
<tag>Sanity</tag>
<tag>TC206</tag>
<status status="PASS" starttime="20231025 14:52:11.702" endtime="20231025 14:52:17.551"/>
</test>
<test id="s1-t8" name="Test for adding textbox and adding text in it" line="42">
<kw name="Add text box in the reader" library="CreateFeatureObjects">
<kw name="Click Element" library="SeleniumLibrary">
<arg>${InsertDropdown}</arg>
<doc>Click the element identified by ``locator``.</doc>
<msg timestamp="20231025 14:52:17.554" level="INFO">Clicking element '//span[text()='Insert']'.</msg>
<status status="PASS" starttime="20231025 14:52:17.553" endtime="20231025 14:52:18.363"/>
</kw>
<kw name="Click Element" library="SeleniumLibrary">
<arg>${AddTextBoxButton}</arg>
<doc>Click the element identified by ``locator``.</doc>
<msg timestamp="20231025 14:52:18.364" level="INFO">Clicking element '//div[@id="create-textbox"]'.</msg>
<status status="PASS" starttime="20231025 14:52:18.364" endtime="20231025 14:52:18.515"/>
</kw>
<kw name="Mouse Over" library="SeleniumLibrary">
<arg>${TextBox}</arg>
<doc>Simulates hovering the mouse over the element ``locator``.</doc>
<msg timestamp="20231025 14:52:18.515" level="INFO">Simulating Mouse Over on element '//span[@class="page-position-content"]'.</msg>
<status status="PASS" starttime="20231025 14:52:18.515" endtime="20231025 14:52:19.326"/>
</kw>
<kw name="Drag And Drop By Offset" library="SeleniumLibrary">
<arg>${TextBox}</arg>
<arg>180</arg>
<arg>100</arg>
<doc>Drags the element identified with ``locator`` by ``xoffset/yoffset``.</doc>
<status status="PASS" starttime="20231025 14:52:19.326" endtime="20231025 14:52:19.936"/>
</kw>
<status status="PASS" starttime="20231025 14:52:17.553" endtime="20231025 14:52:19.937"/>
</kw>
<kw name="Enter Text in the text box" library="CreateFeatureObjects">
<kw name="Mouse Over" library="SeleniumLibrary">
<arg>${TextBoxField}</arg>
<doc>Simulates hovering the mouse over the element ``locator``.</doc>
<msg timestamp="20231025 14:52:19.942" level="INFO">Simulating Mouse Over on element '//div[@title="click to write into textbox"]'.</msg>
<status status="PASS" starttime="20231025 14:52:19.940" endtime="20231025 14:52:20.261"/>
</kw>
<kw name="Click Element" library="SeleniumLibrary">
<arg>${TextBoxField}</arg>
<doc>Click the element identified by ``locator``.</doc>
<msg timestamp="20231025 14:52:20.262" level="INFO">Clicking element '//div[@title="click to write into textbox"]'.</msg>
<status status="PASS" starttime="20231025 14:52:20.261" endtime="20231025 14:52:20.379"/>
</kw>
<kw name="Sleep" library="BuiltIn">
<arg>5s</arg>
<doc>Pauses the test executed for the given time.</doc>
<msg timestamp="20231025 14:52:25.380" level="INFO">Slept 5 seconds</msg>
<status status="PASS" starttime="20231025 14:52:20.380" endtime="20231025 14:52:25.380"/>
</kw>
<kw name="Input Text" library="SeleniumLibrary">
<arg>${TextBoxField}</arg>
<arg>TextBoxTest</arg>
<doc>Types the given ``text`` into the text field identified by ``locator``.</doc>
<msg timestamp="20231025 14:52:25.382" level="INFO">Typing text 'TextBoxTest' into text field '//div[@title="click to write into textbox"]'.</msg>
<status status="PASS" starttime="20231025 14:52:25.381" endtime="20231025 14:52:25.578"/>
</kw>
<status status="PASS" starttime="20231025 14:52:19.937" endtime="20231025 14:52:25.578"/>
</kw>
<tag>Sanity</tag>
<tag>TC207</tag>
<status status="PASS" starttime="20231025 14:52:17.552" endtime="20231025 14:52:25.579"/>
</test>
<test id="s1-t9" name="Test for adding Speech bubble and adding text in it" line="46">
<kw name="Add Speech bubble" library="CreateFeatureObjects">
<kw name="Sleep" library="BuiltIn">
<arg>2s</arg>
<doc>Pauses the test executed for the given time.</doc>
<msg timestamp="20231025 14:52:27.580" level="INFO">Slept 2 seconds</msg>
<status status="PASS" starttime="20231025 14:52:25.580" endtime="20231025 14:52:27.581"/>
</kw>
<kw name="Click Element" library="SeleniumLibrary">
<arg>${SpeechBubbleOption}</arg>
<doc>Click the element identified by ``locator``.</doc>
<msg timestamp="20231025 14:52:27.582" level="INFO">Clicking element '//div[@id="create-speech-bubble"]'.</msg>
<status status="PASS" starttime="20231025 14:52:27.581" endtime="20231025 14:52:27.759"/>
</kw>
<kw name="Click Element" library="SeleniumLibrary">
<arg>${SelectSpeechBubbletype}</arg>
<doc>Click the element identified by ``locator``.</doc>
<msg timestamp="20231025 14:52:27.760" level="INFO">Clicking element '(//a[@class="speech-bubble-type vertical"])[1]'.</msg>
<status status="PASS" starttime="20231025 14:52:27.759" endtime="20231025 14:52:27.833"/>
</kw>
<kw name="Click Element" library="SeleniumLibrary">
<arg>${AddSpeechBubbleBtn}</arg>
<doc>Click the element identified by ``locator``.</doc>
<msg timestamp="20231025 14:52:27.834" level="INFO">Clicking element '//button[@class="btn add-speech-bubble"]'.</msg>
<status status="PASS" starttime="20231025 14:52:27.833" endtime="20231025 14:52:27.936"/>
</kw>
<status status="PASS" starttime="20231025 14:52:25.580" endtime="20231025 14:52:27.936"/>
</kw>
<kw name="Enter Text in Speech Bubble" library="CreateFeatureObjects">
<kw name="Sleep" library="BuiltIn">
<arg>2s</arg>
<doc>Pauses the test executed for the given time.</doc>
<msg timestamp="20231025 14:52:29.938" level="INFO">Slept 2 seconds</msg>
<status status="PASS" starttime="20231025 14:52:27.937" endtime="20231025 14:52:29.939"/>
</kw>
<kw name="Mouse Over" library="SeleniumLibrary">
<arg>${SpeechBubbleTextfield}</arg>
<doc>Simulates hovering the mouse over the element ``locator``.</doc>
<msg timestamp="20231025 14:52:29.943" level="INFO">Simulating Mouse Over on element '//div[@title="click to write into speech bubble"]'.</msg>
<status status="PASS" starttime="20231025 14:52:29.940" endtime="20231025 14:52:30.260"/>
</kw>
<kw name="Click Element" library="SeleniumLibrary">
<arg>${SpeechBubbleTextfield}</arg>
<doc>Click the element identified by ``locator``.</doc>
<msg timestamp="20231025 14:52:30.261" level="INFO">Clicking element '//div[@title="click to write into speech bubble"]'.</msg>
<status status="PASS" starttime="20231025 14:52:30.260" endtime="20231025 14:52:30.387"/>
</kw>
<kw name="Sleep" library="BuiltIn">
<arg>5s</arg>
<doc>Pauses the test executed for the given time.</doc>
<msg timestamp="20231025 14:52:35.388" level="INFO">Slept 5 seconds</msg>
<status status="PASS" starttime="20231025 14:52:30.387" endtime="20231025 14:52:35.388"/>
</kw>
<kw name="Input Text" library="SeleniumLibrary">
<arg>${SpeechBubbleTextfield}</arg>
<arg>SpeechBubbleText</arg>
<doc>Types the given ``text`` into the text field identified by ``locator``.</doc>
<msg timestamp="20231025 14:52:35.390" level="INFO">Typing text 'SpeechBubbleText' into text field '//div[@title="click to write into speech bubble"]'.</msg>
<status status="PASS" starttime="20231025 14:52:35.389" endtime="20231025 14:52:35.620"/>
</kw>
<status status="PASS" starttime="20231025 14:52:27.937" endtime="20231025 14:52:35.620"/>
</kw>
<tag>Sanity</tag>
<tag>TC208</tag>
<status status="PASS" starttime="20231025 14:52:25.579" endtime="20231025 14:52:35.620"/>
</test>
<test id="s1-t10" name="Test for adding image in front cover page" line="50">
<kw name="Click on Front cover page" library="CreateFeatureObjects">
<kw name="Mouse Up" library="SeleniumLibrary">
<arg>${FrontCoverPage}</arg>
<doc>Simulates releasing the left mouse button on the element ``locator``.</doc>
<msg timestamp="20231025 14:52:35.623" level="INFO">Simulating Mouse Up on element '//a[@class="page_thumbnail FrontCoverPage"]'.</msg>
<status status="PASS" starttime="20231025 14:52:35.623" endtime="20231025 14:52:35.937"/>
</kw>
<kw name="Click Element" library="SeleniumLibrary">
<arg>${FrontCoverPage}</arg>
<doc>Click the element identified by ``locator``.</doc>
<msg timestamp="20231025 14:52:35.941" level="INFO">Clicking element '//a[@class="page_thumbnail FrontCoverPage"]'.</msg>
<status status="PASS" starttime="20231025 14:52:35.937" endtime="20231025 14:52:36.158"/>
</kw>
<status status="PASS" starttime="20231025 14:52:35.622" endtime="20231025 14:52:36.159"/>
</kw>
<kw name="Add random image to reader" library="CreateFeatureObjects">
<kw name="Click Element" library="SeleniumLibrary">
<arg>${AddImageButton}</arg>
<doc>Click the element identified by ``locator``.</doc>
<msg timestamp="20231025 14:52:36.160" level="INFO">Clicking element '//span[text()='add an image']'.</msg>
<status status="PASS" starttime="20231025 14:52:36.160" endtime="20231025 14:52:37.105"/>
</kw>
<kw name="Mouse Over" library="SeleniumLibrary">
<arg>${Add the first image}</arg>
<doc>Simulates hovering the mouse over the element ``locator``.</doc>
<msg timestamp="20231025 14:52:37.106" level="INFO">Simulating Mouse Over on element '(//a[@class="illustration_drawer_img"])[1]'.</msg>
<status status="PASS" starttime="20231025 14:52:37.105" endtime="20231025 14:52:38.093"/>
</kw>
<kw name="Click Element" library="SeleniumLibrary">
<arg>${Addimagetopage}</arg>
<doc>Click the element identified by ``locator``.</doc>
<msg timestamp="20231025 14:52:38.093" level="INFO">Clicking element '(//*[text()="add to current page"])'.</msg>
<status status="PASS" starttime="20231025 14:52:38.093" endtime="20231025 14:52:38.164"/>
</kw>
<kw name="Sleep" library="BuiltIn">
<arg>2s</arg>
<doc>Pauses the test executed for the given time.</doc>
<msg timestamp="20231025 14:52:40.165" level="INFO">Slept 2 seconds</msg>
<status status="PASS" starttime="20231025 14:52:38.164" endtime="20231025 14:52:40.166"/>
</kw>
<kw name="Click Element" library="SeleniumLibrary">
<arg>${SaveImagebutton}</arg>
<doc>Click the element identified by ``locator``.</doc>
<msg timestamp="20231025 14:52:40.167" level="INFO">Clicking element '//i[@class='cropControlSave']'.</msg>
<status status="PASS" starttime="20231025 14:52:40.166" endtime="20231025 14:52:40.284"/>
</kw>
<status status="PASS" starttime="20231025 14:52:36.159" endtime="20231025 14:52:40.284"/>
</kw>
<tag>Sanity</tag>
<tag>TC209</tag>
<status status="PASS" starttime="20231025 14:52:35.621" endtime="20231025 14:52:40.284"/>
</test>
<test id="s1-t11" name="Test for filling final publish form" line="54">
<kw name="Close the PTR page if visible" library="common">
<kw name="Run Keyword And Return Status" library="BuiltIn">
<var>${present}</var>
<arg>Element Should Be Visible</arg>
<arg>${PTR_Image}</arg>
<doc>Runs the given keyword with given arguments and returns the status as a Boolean value.</doc>
<kw name="Element Should Be Visible" library="SeleniumLibrary">
<arg>${PTR_Image}</arg>
<doc>Verifies that the element identified by ``locator`` is visible.</doc>
<msg timestamp="20231025 14:53:00.661" level="INFO" html="true">&lt;/td&gt;&lt;/tr&gt;&lt;tr&gt;&lt;td colspan="3"&gt;&lt;a href="selenium-screenshot-8.png"&gt;&lt;img src="selenium-screenshot-8.png" width="800px"&gt;&lt;/a&gt;</msg>
<msg timestamp="20231025 14:53:00.662" level="FAIL">Element with locator '//*[@class="pb-ptrtooltip__tooltip-img"]' not found.</msg>
<status status="FAIL" starttime="20231025 14:52:40.286" endtime="20231025 14:53:00.663"/>
</kw>
<msg timestamp="20231025 14:53:00.663" level="INFO">${present} = False</msg>
<status status="PASS" starttime="20231025 14:52:40.286" endtime="20231025 14:53:00.663"/>
</kw>
<kw name="Run Keyword If" library="BuiltIn">
<arg>${present}</arg>
<arg>Click Element</arg>
<arg>${PTR_Close_Button}</arg>
<doc>Runs the given keyword with the given arguments, if ``condition`` is true.</doc>
<status status="PASS" starttime="20231025 14:53:00.663" endtime="20231025 14:53:00.663"/>
</kw>
<status status="PASS" starttime="20231025 14:52:40.286" endtime="20231025 14:53:00.663"/>
</kw>
<kw name="Click on Publish button from editor" library="CreateFeatureObjects">
<kw name="Sleep" library="BuiltIn">
<arg>2s</arg>
<doc>Pauses the test executed for the given time.</doc>
<msg timestamp="20231025 14:53:02.664" level="INFO">Slept 2 seconds</msg>
<status status="PASS" starttime="20231025 14:53:00.664" endtime="20231025 14:53:02.664"/>
</kw>
<kw name="Click Element" library="SeleniumLibrary">
<arg>${PublishButton}</arg>
<doc>Click the element identified by ``locator``.</doc>
<msg timestamp="20231025 14:53:02.665" level="INFO">Clicking element '(//a[@class="btn btn-app btn-brand-1 font-sm"])[3]'.</msg>
<status status="PASS" starttime="20231025 14:53:02.664" endtime="20231025 14:53:02.750"/>
</kw>
<status status="PASS" starttime="20231025 14:53:00.663" endtime="20231025 14:53:02.750"/>
</kw>
<kw name="Check for empty speech bubble or text box while publihsing" library="CreateFeatureObjects">
<kw name="Run Keyword And Return Status" library="BuiltIn">
<var>${EmptyTextfieldModal}</var>
<arg>Element Should Be Visible</arg>
<arg>//span[text()='Your story isn’t completely done!']</arg>
<doc>Runs the given keyword with given arguments and returns the status as a Boolean value.</doc>
<kw name="Element Should Be Visible" library="SeleniumLibrary">
<arg>//span[text()='Your story isn’t completely done!']</arg>
<doc>Verifies that the element identified by ``locator`` is visible.</doc>
<msg timestamp="20231025 14:53:03.094" level="INFO" html="true">&lt;/td&gt;&lt;/tr&gt;&lt;tr&gt;&lt;td colspan="3"&gt;&lt;a href="selenium-screenshot-9.png"&gt;&lt;img src="selenium-screenshot-9.png" width="800px"&gt;&lt;/a&gt;</msg>
<msg timestamp="20231025 14:53:03.094" level="FAIL">The element '//span[text()='Your story isn’t completely done!']' should be visible, but it is not.</msg>
<status status="FAIL" starttime="20231025 14:53:02.752" endtime="20231025 14:53:03.094"/>
</kw>
<msg timestamp="20231025 14:53:03.094" level="INFO">${EmptyTextfieldModal} = False</msg>
<status status="PASS" starttime="20231025 14:53:02.751" endtime="20231025 14:53:03.094"/>
</kw>
<while condition="${EmptyTextfieldModal} == ${TRUE}">
<iter>
<kw name="Click Button" library="SeleniumLibrary">
<arg>Yes</arg>
<doc>Clicks the button identified by ``locator``.</doc>
<status status="NOT RUN" starttime="20231025 14:53:03.095" endtime="20231025 14:53:03.095"/>
</kw>
<kw name="Run Keyword And Return Status" library="BuiltIn">
<var>${EmptyTextfieldModal}</var>
<arg>Page Should Contain Element</arg>
<arg>${SelectLanguage}</arg>
<doc>Runs the given keyword with given arguments and returns the status as a Boolean value.</doc>
<status status="NOT RUN" starttime="20231025 14:53:03.095" endtime="20231025 14:53:03.095"/>
</kw>
<status status="NOT RUN" starttime="20231025 14:53:03.094" endtime="20231025 14:53:03.095"/>
</iter>
<status status="NOT RUN" starttime="20231025 14:53:03.094" endtime="20231025 14:53:03.095"/>
</while>
<status status="PASS" starttime="20231025 14:53:02.751" endtime="20231025 14:53:03.095"/>
</kw>
<kw name="CLick on Done button" library="CreateFeatureObjects">
<kw name="Sleep" library="BuiltIn">
<arg>2s</arg>
<doc>Pauses the test executed for the given time.</doc>
<msg timestamp="20231025 14:53:05.096" level="INFO">Slept 2 seconds</msg>
<status status="PASS" starttime="20231025 14:53:03.096" endtime="20231025 14:53:05.097"/>
</kw>
<kw name="Wait Until Element Is Visible" library="SeleniumLibrary">
<arg>${DoneButton}</arg>
<doc>Waits until the element ``locator`` is visible.</doc>
<status status="PASS" starttime="20231025 14:53:05.097" endtime="20231025 14:53:05.172"/>
</kw>
<kw name="Sleep" library="BuiltIn">
<arg>2s</arg>
<doc>Pauses the test executed for the given time.</doc>
<msg timestamp="20231025 14:53:07.173" level="INFO">Slept 2 seconds</msg>
<status status="PASS" starttime="20231025 14:53:05.172" endtime="20231025 14:53:07.173"/>
</kw>
<kw name="Click Button" library="SeleniumLibrary">
<arg>${DoneButton}</arg>
<doc>Clicks the button identified by ``locator``.</doc>
<msg timestamp="20231025 14:53:07.174" level="INFO">Clicking button '//button[@id="storycard-img-edit-done"]'.</msg>
<status status="PASS" starttime="20231025 14:53:07.173" endtime="20231025 14:53:07.290"/>
</kw>
<kw name="Wait Until Element Is Visible" library="SeleniumLibrary">
<arg>${PublishBookButton}</arg>
<doc>Waits until the element ``locator`` is visible.</doc>
<status status="PASS" starttime="20231025 14:53:07.290" endtime="20231025 14:53:07.923"/>
</kw>
<kw name="Sleep" library="BuiltIn">
<arg>2s</arg>
<doc>Pauses the test executed for the given time.</doc>
<msg timestamp="20231025 14:53:09.924" level="INFO">Slept 2 seconds</msg>
<status status="PASS" starttime="20231025 14:53:07.924" endtime="20231025 14:53:09.925"/>
</kw>
<kw name="Click Button" library="SeleniumLibrary">
<arg>${PublishBookButton}</arg>
<doc>Clicks the button identified by ``locator``.</doc>
<msg timestamp="20231025 14:53:09.926" level="INFO">Clicking button '//button[@id="publish-book"]'.</msg>
<status status="PASS" starttime="20231025 14:53:09.925" endtime="20231025 14:53:10.041"/>
</kw>
<status status="PASS" starttime="20231025 14:53:03.095" endtime="20231025 14:53:10.041"/>
</kw>
<kw name="Enter synopsis in final Publish form" library="CreateFeatureObjects">
<kw name="Input Text" library="SeleniumLibrary">
<arg>${SynopsisTextField}</arg>
<arg>Synopis text for the story.</arg>
<doc>Types the given ``text`` into the text field identified by ``locator``.</doc>
<msg timestamp="20231025 14:53:10.043" level="INFO">Typing text 'Synopis text for the story.' into text field '//textarea[@id="story_synopsis"]'.</msg>
<status status="PASS" starttime="20231025 14:53:10.042" endtime="20231025 14:53:10.963"/>
</kw>
<status status="PASS" starttime="20231025 14:53:10.041" endtime="20231025 14:53:10.963"/>
</kw>
<kw name="Select category from final Publish form" library="CreateFeatureObjects">
<kw name="Click Button" library="SeleniumLibrary">
<arg>${CategoryButton}</arg>
<doc>Clicks the button identified by ``locator``.</doc>
<msg timestamp="20231025 14:53:10.964" level="INFO">Clicking button '//button[@class="multiselect dropdown-toggle btn btn-default"]'.</msg>
<status status="PASS" starttime="20231025 14:53:10.964" endtime="20231025 14:53:11.119"/>
</kw>
<kw name="Click Element" library="SeleniumLibrary">
<arg>${CategoryDropdown}</arg>
<doc>Click the element identified by ``locator``.</doc>
<msg timestamp="20231025 14:53:11.120" level="INFO">Clicking element '//*[@class='checkbox' and contains(text(),'Activity Books')]'.</msg>
<status status="PASS" starttime="20231025 14:53:11.119" endtime="20231025 14:53:11.194"/>
</kw>
<kw name="Click Button" library="SeleniumLibrary">
<arg>${CategoryButton}</arg>
<doc>Clicks the button identified by ``locator``.</doc>
<msg timestamp="20231025 14:53:11.195" level="INFO">Clicking button '//button[@class="multiselect dropdown-toggle btn btn-default"]'.</msg>
<status status="PASS" starttime="20231025 14:53:11.194" endtime="20231025 14:53:11.270"/>
</kw>
<status status="PASS" starttime="20231025 14:53:10.963" endtime="20231025 14:53:11.271"/>
</kw>
<kw name="Enter English story title in final Publsih form" library="CreateFeatureObjects">
<kw name="Input Text" library="SeleniumLibrary">
<arg>${EnglishStoryTitleField}</arg>
<arg>TestEnglishTitle</arg>
<doc>Types the given ``text`` into the text field identified by ``locator``.</doc>
<msg timestamp="20231025 14:53:11.272" level="INFO">Typing text 'TestEnglishTitle' into text field '//input[@id="story_english_title"]'.</msg>
<status status="PASS" starttime="20231025 14:53:11.271" endtime="20231025 14:53:11.388"/>
</kw>
<status status="PASS" starttime="20231025 14:53:11.271" endtime="20231025 14:53:11.389"/>
</kw>
<kw name="Click on publish button from final publish form" library="CreateFeatureObjects">
<kw name="Mouse Down" library="SeleniumLibrary">
<arg>${PublihsFormNextBtn}</arg>
<doc>Simulates pressing the left mouse button on the element ``locator``.</doc>
<msg timestamp="20231025 14:53:11.390" level="INFO">Simulating Mouse Down on element '//button[@id="next"]'.</msg>
<status status="PASS" starttime="20231025 14:53:11.389" endtime="20231025 14:53:11.683"/>
</kw>
<kw name="Click Button" library="SeleniumLibrary">
<arg>${PublihsFormNextBtn}</arg>
<doc>Clicks the button identified by ``locator``.</doc>
<msg timestamp="20231025 14:53:11.685" level="INFO">Clicking button '//button[@id="next"]'.</msg>
<status status="PASS" starttime="20231025 14:53:11.684" endtime="20231025 14:53:11.895"/>
</kw>
<kw name="Wait Until Element Is Visible" library="SeleniumLibrary">
<arg>${FinalPublishStoryBtn}</arg>
<doc>Waits until the element ``locator`` is visible.</doc>
<status status="PASS" starttime="20231025 14:53:11.895" endtime="20231025 14:53:12.177"/>
</kw>
<kw name="Click Button" library="SeleniumLibrary">
<arg>${FinalPublishStoryBtn}</arg>
<doc>Clicks the button identified by ``locator``.</doc>
<msg timestamp="20231025 14:53:12.177" level="INFO">Clicking button '//button[@id="publish_story"]'.</msg>
<status status="PASS" starttime="20231025 14:53:12.177" endtime="20231025 14:53:12.259"/>
</kw>
<status status="PASS" starttime="20231025 14:53:11.389" endtime="20231025 14:53:12.259"/>
</kw>
<tag>Sanity</tag>
<tag>TC210</tag>
<status status="PASS" starttime="20231025 14:52:40.285" endtime="20231025 14:53:12.259"/>
</test>
<test id="s1-t12" name="Verify the UGC published Notification" line="64">
<kw name="Verify the UGC slim notification after publishing" library="CreateFeatureObjects">
<kw name="Sleep" library="BuiltIn">
<arg>5s</arg>
<doc>Pauses the test executed for the given time.</doc>
<msg timestamp="20231025 14:53:17.262" level="INFO">Slept 5 seconds</msg>
<status status="PASS" starttime="20231025 14:53:12.262" endtime="20231025 14:53:17.263"/>
</kw>
<kw name="Element Should Contain" library="SeleniumLibrary">
<arg>${GlobalSlimNotification}</arg>
<arg>Yay! Your story is published and will appear under 'My Published Stories' soon</arg>
<doc>Verifies that element ``locator`` contains text ``expected``.</doc>
<msg timestamp="20231025 14:53:18.025" level="INFO">Element 'xpath=//*[@class="pb-slim-notification-container"]' contains text 'Yay! Your story is published and will appear under 'My Published Stories' soon'.</msg>
<status status="PASS" starttime="20231025 14:53:17.263" endtime="20231025 14:53:18.025"/>
</kw>
<status status="PASS" starttime="20231025 14:53:12.261" endtime="20231025 14:53:18.025"/>
</kw>
<tag>Sanity</tag>
<tag>TC211</tag>
<status status="PASS" starttime="20231025 14:53:12.260" endtime="20231025 14:53:18.025"/>
</test>
<test id="s1-t13" name="Tear Down" line="67">
<kw name="Close_the_browser" library="common">
<kw name="Close Browser" library="SeleniumLibrary">
<doc>Closes the current browser.</doc>
<status status="PASS" starttime="20231025 14:53:18.027" endtime="20231025 14:53:18.122"/>
</kw>
<status status="PASS" starttime="20231025 14:53:18.027" endtime="20231025 14:53:18.122"/>
</kw>
<status status="PASS" starttime="20231025 14:53:18.026" endtime="20231025 14:53:18.123"/>
</test>
<status status="PASS" starttime="20231025 14:50:52.121" endtime="20231025 14:53:18.124"/>
</suite>
<statistics>
<total>
<stat pass="13" fail="0" skip="0">All Tests</stat>
</total>
<tag>
<stat pass="11" fail="0" skip="0">Sanity</stat>
<stat pass="1" fail="0" skip="0">TC200</stat>
<stat pass="1" fail="0" skip="0">TC201</stat>
<stat pass="1" fail="0" skip="0">TC202</stat>
<stat pass="1" fail="0" skip="0">TC203</stat>
<stat pass="1" fail="0" skip="0">TC205</stat>
<stat pass="1" fail="0" skip="0">TC206</stat>
<stat pass="1" fail="0" skip="0">TC207</stat>
<stat pass="1" fail="0" skip="0">TC208</stat>
<stat pass="1" fail="0" skip="0">TC209</stat>
<stat pass="1" fail="0" skip="0">TC210</stat>
<stat pass="1" fail="0" skip="0">TC211</stat>
</tag>
<suite>
<stat pass="13" fail="0" skip="0" id="s1" name="Create Story Test">Create Story Test</stat>
</suite>
</statistics>
<errors>
</errors>
</robot>
