<?xml version="1.0" encoding="UTF-8"?>
<robot generator="Robot 5.0.1 (Python 3.8.10 on linux)" generated="20231007 16:32:18.751" rpa="false" schemaversion="3">
<suite id="s1" name="Login Invalid Credentials" source="/home/my/PycharmProjects/StoryWeaver/Test_Suites/Login_Suite/Login_Invalid_Credentials.robot">
<test id="s1-t1" name="Login Test with invalid credentials" line="9">
<kw name="Open_Web_browser" type="SETUP">
<arg>https://feature1.pbees.party/en</arg>
<msg timestamp="20231007 16:32:18.853" level="FAIL">No keyword with name 'Open_Web_browser' found.</msg>
<status status="FAIL" starttime="20231007 16:32:18.852" endtime="20231007 16:32:18.853"/>
</kw>
<kw name="Close_the_browser" type="TEARDOWN">
<msg timestamp="20231007 16:32:18.860" level="FAIL">No keyword with name 'Close_the_browser' found.</msg>
<status status="FAIL" starttime="20231007 16:32:18.860" endtime="20231007 16:32:18.861">No keyword with name 'Close_the_browser' found.</status>
</kw>
<status status="FAIL" starttime="20231007 16:32:18.843" endtime="20231007 16:32:18.861">Setup failed:
No keyword with name 'Open_Web_browser' found.

Also teardown failed:
No keyword with name 'Close_the_browser' found.</status>
</test>
<status status="FAIL" starttime="20231007 16:32:18.756" endtime="20231007 16:32:18.862"/>
</suite>
<statistics>
<total>
<stat pass="0" fail="1" skip="0">All Tests</stat>
</total>
<tag>
</tag>
<suite>
<stat pass="0" fail="1" skip="0" id="s1" name="Login Invalid Credentials">Login Invalid Credentials</stat>
</suite>
</statistics>
<errors>
<msg timestamp="20231007 16:32:18.836" level="ERROR">Error in file '/home/my/PycharmProjects/StoryWeaver/Test_Suites/Login_Suite/Login_Invalid_Credentials.robot' on line 2: Resource file '../Resources/common.robot' does not exist.</msg>
<msg timestamp="20231007 16:32:18.839" level="ERROR">Error in file '/home/my/PycharmProjects/StoryWeaver/Test_Suites/Login_Suite/Login_Invalid_Credentials.robot' on line 3: Resource file '../Page_objects_&amp;_Keywords/LoginModalObjects.robot' does not exist.</msg>
</errors>
</robot>
