<?xml version="1.0" encoding="UTF-8"?>
<robot generator="Robot 5.0.1 (Python 3.8.10 on linux)" generated="20231025 10:50:09.363" rpa="false" schemaversion="3">
<suite id="s1" name="Test Suites" source="/home/my/PycharmProjects/StoryWeaver/Test_Suites">
<suite id="s1-s1" name="Mandatory Login Test" source="/home/my/PycharmProjects/StoryWeaver/Test_Suites/Mandatory_Login_Test.robot">
<test id="s1-s1-t1" name="Test Setup" line="8">
<kw name="Open_Web_browser" library="common">
<arg>${ReadPage}</arg>
<kw name="Open Browser" library="SeleniumLibrary">
<arg>${Url}</arg>
<arg>${browser_Name}</arg>
<doc>Opens a new browser instance to the optional ``url``.</doc>
<msg timestamp="20231025 10:50:09.716" level="INFO">Opening browser 'headlesschrome' to base url 'https://storyweaver.org.in/en/stories?sort=Ratings'.</msg>
<status status="PASS" starttime="20231025 10:50:09.714" endtime="20231025 10:50:13.144"/>
</kw>
<kw name="Set Window Size" library="SeleniumLibrary">
<arg>1536</arg>
<arg>864</arg>
<doc>Sets current windows size to given ``width`` and ``height``.</doc>
<status status="PASS" starttime="20231025 10:50:13.155" endtime="20231025 10:50:13.832"/>
</kw>
<kw name="Set Selenium Implicit Wait" library="SeleniumLibrary">
<arg>20s</arg>
<doc>Sets the implicit wait value used by Selenium.</doc>
<status status="PASS" starttime="20231025 10:50:13.833" endtime="20231025 10:50:13.835"/>
</kw>
<kw name="Maximize Browser Window" library="SeleniumLibrary">
<doc>Maximizes current browser window.</doc>
<status status="PASS" starttime="20231025 10:50:13.836" endtime="20231025 10:50:14.351"/>
</kw>
<kw name="Sleep" library="BuiltIn">
<arg>20s</arg>
<doc>Pauses the test executed for the given time.</doc>
<msg timestamp="20231025 10:50:34.352" level="INFO">Slept 20 seconds</msg>
<status status="PASS" starttime="20231025 10:50:14.351" endtime="20231025 10:50:34.353"/>
</kw>
<status status="PASS" starttime="20231025 10:50:09.713" endtime="20231025 10:50:34.353"/>
</kw>
<status status="PASS" starttime="20231025 10:50:09.712" endtime="20231025 10:50:34.354"/>
</test>
<test id="s1-s1-t2" name="Test for Manadatory login/signup after 3 reads" line="10">
<for flavor="IN RANGE">
<var>${i}</var>
<value>4</value>
<iter>
<var name="${i}">0</var>
<kw name="Hover on first card" library="ReadPageObjects">
<kw name="Set Focus To Element" library="SeleniumLibrary">
<arg>${BookCard}</arg>
<doc>Sets the focus to the element identified by ``locator``.</doc>
<status status="PASS" starttime="20231025 10:50:34.472" endtime="20231025 10:50:34.702"/>
</kw>
<kw name="Mouse Over" library="SeleniumLibrary">
<arg>${BookCard}</arg>
<doc>Simulates hovering the mouse over the element ``locator``.</doc>
<msg timestamp="20231025 10:50:34.704" level="INFO">Simulating Mouse Over on element '(//div[@class="pb-book-card__container"])[1]'.</msg>
<status status="PASS" starttime="20231025 10:50:34.703" endtime="20231025 10:50:34.983"/>
</kw>
<kw name="Sleep" library="BuiltIn">
<arg>2s</arg>
<doc>Pauses the test executed for the given time.</doc>
<msg timestamp="20231025 10:50:36.984" level="INFO">Slept 2 seconds</msg>
<status status="PASS" starttime="20231025 10:50:34.983" endtime="20231025 10:50:36.985"/>
</kw>
<status status="PASS" starttime="20231025 10:50:34.471" endtime="20231025 10:50:36.987"/>
</kw>
<kw name="Click on 3 dot icon" library="ReadPageObjects">
<kw name="Click Element" library="SeleniumLibrary">
<arg>${3DotMenu}</arg>
<doc>Click the element identified by ``locator``.</doc>
<msg timestamp="20231025 10:50:36.993" level="INFO">Clicking element '(//*[@class="pb-svg-icon pb-svg-icon--type-dots"])[1]'.</msg>
<status status="PASS" starttime="20231025 10:50:36.990" endtime="20231025 10:50:37.204"/>
</kw>
<status status="PASS" starttime="20231025 10:50:36.988" endtime="20231025 10:50:37.204"/>
</kw>
<kw name="Click on read story from 3 dot menu" library="ReadPageObjects">
<kw name="Click Element" library="SeleniumLibrary">
<arg>${ReadStoryin3dotsmenu}</arg>
<doc>Click the element identified by ``locator``.</doc>
<msg timestamp="20231025 10:50:37.206" level="INFO">Clicking element '//div[text()='Read Story']'.</msg>
<status status="PASS" starttime="20231025 10:50:37.205" endtime="20231025 10:50:37.692"/>
</kw>
<status status="PASS" starttime="20231025 10:50:37.205" endtime="20231025 10:50:37.692"/>
</kw>
<kw name="Run Keyword And Return Status" library="BuiltIn">
<var>${CloseButtonstatus}</var>
<arg>element should be visible</arg>
<arg>${CloseButton}</arg>
<doc>Runs the given keyword with given arguments and returns the status as a Boolean value.</doc>
<kw name="Element Should Be Visible" library="SeleniumLibrary">
<arg>${CloseButton}</arg>
<doc>Verifies that the element identified by ``locator`` is visible.</doc>
<msg timestamp="20231025 10:50:46.026" level="INFO">Element '//div[@title="Close"]' is displayed.</msg>
<status status="PASS" starttime="20231025 10:50:37.693" endtime="20231025 10:50:46.026"/>
</kw>
<msg timestamp="20231025 10:50:46.026" level="INFO">${CloseButtonstatus} = True</msg>
<status status="PASS" starttime="20231025 10:50:37.692" endtime="20231025 10:50:46.026"/>
</kw>
<kw name="Run Keyword If" library="BuiltIn">
<arg>${CloseButtonstatus}</arg>
<arg>Close the reader</arg>
<doc>Runs the given keyword with the given arguments, if ``condition`` is true.</doc>
<kw name="Close the reader" library="ReadPageObjects">
<kw name="Click Element" library="SeleniumLibrary">
<arg>${CloseButton}</arg>
<doc>Click the element identified by ``locator``.</doc>
<msg timestamp="20231025 10:50:46.029" level="INFO">Clicking element '//div[@title="Close"]'.</msg>
<status status="PASS" starttime="20231025 10:50:46.028" endtime="20231025 10:50:47.180"/>
</kw>
<status status="PASS" starttime="20231025 10:50:46.028" endtime="20231025 10:50:47.180"/>
</kw>
<status status="PASS" starttime="20231025 10:50:46.027" endtime="20231025 10:50:47.180"/>
</kw>
<status status="PASS" starttime="20231025 10:50:34.470" endtime="20231025 10:50:47.181"/>
</iter>
<iter>
<var name="${i}">1</var>
<kw name="Hover on first card" library="ReadPageObjects">
<kw name="Set Focus To Element" library="SeleniumLibrary">
<arg>${BookCard}</arg>
<doc>Sets the focus to the element identified by ``locator``.</doc>
<status status="PASS" starttime="20231025 10:50:47.182" endtime="20231025 10:50:47.210"/>
</kw>
<kw name="Mouse Over" library="SeleniumLibrary">
<arg>${BookCard}</arg>
<doc>Simulates hovering the mouse over the element ``locator``.</doc>
<msg timestamp="20231025 10:50:47.212" level="INFO">Simulating Mouse Over on element '(//div[@class="pb-book-card__container"])[1]'.</msg>
<status status="PASS" starttime="20231025 10:50:47.211" endtime="20231025 10:50:47.617"/>
</kw>
<kw name="Sleep" library="BuiltIn">
<arg>2s</arg>
<doc>Pauses the test executed for the given time.</doc>
<msg timestamp="20231025 10:50:49.618" level="INFO">Slept 2 seconds</msg>
<status status="PASS" starttime="20231025 10:50:47.617" endtime="20231025 10:50:49.618"/>
</kw>
<status status="PASS" starttime="20231025 10:50:47.181" endtime="20231025 10:50:49.619"/>
</kw>
<kw name="Click on 3 dot icon" library="ReadPageObjects">
<kw name="Click Element" library="SeleniumLibrary">
<arg>${3DotMenu}</arg>
<doc>Click the element identified by ``locator``.</doc>
<msg timestamp="20231025 10:50:49.620" level="INFO">Clicking element '(//*[@class="pb-svg-icon pb-svg-icon--type-dots"])[1]'.</msg>
<status status="PASS" starttime="20231025 10:50:49.620" endtime="20231025 10:50:49.710"/>
</kw>
<status status="PASS" starttime="20231025 10:50:49.619" endtime="20231025 10:50:49.710"/>
</kw>
<kw name="Click on read story from 3 dot menu" library="ReadPageObjects">
<kw name="Click Element" library="SeleniumLibrary">
<arg>${ReadStoryin3dotsmenu}</arg>
<doc>Click the element identified by ``locator``.</doc>
<msg timestamp="20231025 10:50:49.713" level="INFO">Clicking element '//div[text()='Read Story']'.</msg>
<status status="PASS" starttime="20231025 10:50:49.711" endtime="20231025 10:50:50.167"/>
</kw>
<status status="PASS" starttime="20231025 10:50:49.710" endtime="20231025 10:50:50.167"/>
</kw>
<kw name="Run Keyword And Return Status" library="BuiltIn">
<var>${CloseButtonstatus}</var>
<arg>element should be visible</arg>
<arg>${CloseButton}</arg>
<doc>Runs the given keyword with given arguments and returns the status as a Boolean value.</doc>
<kw name="Element Should Be Visible" library="SeleniumLibrary">
<arg>${CloseButton}</arg>
<doc>Verifies that the element identified by ``locator`` is visible.</doc>
<msg timestamp="20231025 10:50:52.821" level="INFO">Element '//div[@title="Close"]' is displayed.</msg>
<status status="PASS" starttime="20231025 10:50:50.305" endtime="20231025 10:50:52.821"/>
</kw>
<msg timestamp="20231025 10:50:52.822" level="INFO">${CloseButtonstatus} = True</msg>
<status status="PASS" starttime="20231025 10:50:50.167" endtime="20231025 10:50:52.822"/>
</kw>
<kw name="Run Keyword If" library="BuiltIn">
<arg>${CloseButtonstatus}</arg>
<arg>Close the reader</arg>
<doc>Runs the given keyword with the given arguments, if ``condition`` is true.</doc>
<kw name="Close the reader" library="ReadPageObjects">
<kw name="Click Element" library="SeleniumLibrary">
<arg>${CloseButton}</arg>
<doc>Click the element identified by ``locator``.</doc>
<msg timestamp="20231025 10:50:52.825" level="INFO">Clicking element '//div[@title="Close"]'.</msg>
<status status="PASS" starttime="20231025 10:50:52.824" endtime="20231025 10:50:53.285"/>
</kw>
<status status="PASS" starttime="20231025 10:50:52.823" endtime="20231025 10:50:53.286"/>
</kw>
<status status="PASS" starttime="20231025 10:50:52.822" endtime="20231025 10:50:53.286"/>
</kw>
<status status="PASS" starttime="20231025 10:50:47.181" endtime="20231025 10:50:53.286"/>
</iter>
<iter>
<var name="${i}">2</var>
<kw name="Hover on first card" library="ReadPageObjects">
<kw name="Set Focus To Element" library="SeleniumLibrary">
<arg>${BookCard}</arg>
<doc>Sets the focus to the element identified by ``locator``.</doc>
<status status="PASS" starttime="20231025 10:50:53.287" endtime="20231025 10:50:53.319"/>
</kw>
<kw name="Mouse Over" library="SeleniumLibrary">
<arg>${BookCard}</arg>
<doc>Simulates hovering the mouse over the element ``locator``.</doc>
<msg timestamp="20231025 10:50:53.320" level="INFO">Simulating Mouse Over on element '(//div[@class="pb-book-card__container"])[1]'.</msg>
<status status="PASS" starttime="20231025 10:50:53.320" endtime="20231025 10:50:53.648"/>
</kw>
<kw name="Sleep" library="BuiltIn">
<arg>2s</arg>
<doc>Pauses the test executed for the given time.</doc>
<msg timestamp="20231025 10:50:55.649" level="INFO">Slept 2 seconds</msg>
<status status="PASS" starttime="20231025 10:50:53.648" endtime="20231025 10:50:55.649"/>
</kw>
<status status="PASS" starttime="20231025 10:50:53.287" endtime="20231025 10:50:55.649"/>
</kw>
<kw name="Click on 3 dot icon" library="ReadPageObjects">
<kw name="Click Element" library="SeleniumLibrary">
<arg>${3DotMenu}</arg>
<doc>Click the element identified by ``locator``.</doc>
<msg timestamp="20231025 10:50:55.651" level="INFO">Clicking element '(//*[@class="pb-svg-icon pb-svg-icon--type-dots"])[1]'.</msg>
<status status="PASS" starttime="20231025 10:50:55.650" endtime="20231025 10:50:55.733"/>
</kw>
<status status="PASS" starttime="20231025 10:50:55.650" endtime="20231025 10:50:55.733"/>
</kw>
<kw name="Click on read story from 3 dot menu" library="ReadPageObjects">
<kw name="Click Element" library="SeleniumLibrary">
<arg>${ReadStoryin3dotsmenu}</arg>
<doc>Click the element identified by ``locator``.</doc>
<msg timestamp="20231025 10:50:55.734" level="INFO">Clicking element '//div[text()='Read Story']'.</msg>
<status status="PASS" starttime="20231025 10:50:55.734" endtime="20231025 10:50:56.216"/>
</kw>
<status status="PASS" starttime="20231025 10:50:55.733" endtime="20231025 10:50:56.216"/>
</kw>
<kw name="Run Keyword And Return Status" library="BuiltIn">
<var>${CloseButtonstatus}</var>
<arg>element should be visible</arg>
<arg>${CloseButton}</arg>
<doc>Runs the given keyword with given arguments and returns the status as a Boolean value.</doc>
<kw name="Element Should Be Visible" library="SeleniumLibrary">
<arg>${CloseButton}</arg>
<doc>Verifies that the element identified by ``locator`` is visible.</doc>
<msg timestamp="20231025 10:50:58.612" level="INFO">Element '//div[@title="Close"]' is displayed.</msg>
<status status="PASS" starttime="20231025 10:50:56.217" endtime="20231025 10:50:58.613"/>
</kw>
<msg timestamp="20231025 10:50:58.613" level="INFO">${CloseButtonstatus} = True</msg>
<status status="PASS" starttime="20231025 10:50:56.216" endtime="20231025 10:50:58.613"/>
</kw>
<kw name="Run Keyword If" library="BuiltIn">
<arg>${CloseButtonstatus}</arg>
<arg>Close the reader</arg>
<doc>Runs the given keyword with the given arguments, if ``condition`` is true.</doc>
<kw name="Close the reader" library="ReadPageObjects">
<kw name="Click Element" library="SeleniumLibrary">
<arg>${CloseButton}</arg>
<doc>Click the element identified by ``locator``.</doc>
<msg timestamp="20231025 10:50:58.615" level="INFO">Clicking element '//div[@title="Close"]'.</msg>
<status status="PASS" starttime="20231025 10:50:58.615" endtime="20231025 10:50:58.835"/>
</kw>
<status status="PASS" starttime="20231025 10:50:58.614" endtime="20231025 10:50:58.836"/>
</kw>
<status status="PASS" starttime="20231025 10:50:58.613" endtime="20231025 10:50:58.836"/>
</kw>
<status status="PASS" starttime="20231025 10:50:53.286" endtime="20231025 10:50:58.836"/>
</iter>
<iter>
<var name="${i}">3</var>
<kw name="Hover on first card" library="ReadPageObjects">
<kw name="Set Focus To Element" library="SeleniumLibrary">
<arg>${BookCard}</arg>
<doc>Sets the focus to the element identified by ``locator``.</doc>
<status status="PASS" starttime="20231025 10:50:58.838" endtime="20231025 10:50:58.865"/>
</kw>
<kw name="Mouse Over" library="SeleniumLibrary">
<arg>${BookCard}</arg>
<doc>Simulates hovering the mouse over the element ``locator``.</doc>
<msg timestamp="20231025 10:50:58.865" level="INFO">Simulating Mouse Over on element '(//div[@class="pb-book-card__container"])[1]'.</msg>
<status status="PASS" starttime="20231025 10:50:58.865" endtime="20231025 10:50:59.218"/>
</kw>
<kw name="Sleep" library="BuiltIn">
<arg>2s</arg>
<doc>Pauses the test executed for the given time.</doc>
<msg timestamp="20231025 10:51:01.221" level="INFO">Slept 2 seconds</msg>
<status status="PASS" starttime="20231025 10:50:59.220" endtime="20231025 10:51:01.221"/>
</kw>
<status status="PASS" starttime="20231025 10:50:58.837" endtime="20231025 10:51:01.222"/>
</kw>
<kw name="Click on 3 dot icon" library="ReadPageObjects">
<kw name="Click Element" library="SeleniumLibrary">
<arg>${3DotMenu}</arg>
<doc>Click the element identified by ``locator``.</doc>
<msg timestamp="20231025 10:51:01.224" level="INFO">Clicking element '(//*[@class="pb-svg-icon pb-svg-icon--type-dots"])[1]'.</msg>
<status status="PASS" starttime="20231025 10:51:01.223" endtime="20231025 10:51:01.379"/>
</kw>
<status status="PASS" starttime="20231025 10:51:01.222" endtime="20231025 10:51:01.380"/>
</kw>
<kw name="Click on read story from 3 dot menu" library="ReadPageObjects">
<kw name="Click Element" library="SeleniumLibrary">
<arg>${ReadStoryin3dotsmenu}</arg>
<doc>Click the element identified by ``locator``.</doc>
<msg timestamp="20231025 10:51:01.382" level="INFO">Clicking element '//div[text()='Read Story']'.</msg>
<status status="PASS" starttime="20231025 10:51:01.381" endtime="20231025 10:51:02.261"/>
</kw>
<status status="PASS" starttime="20231025 10:51:01.380" endtime="20231025 10:51:02.262"/>
</kw>
<kw name="Run Keyword And Return Status" library="BuiltIn">
<var>${CloseButtonstatus}</var>
<arg>element should be visible</arg>
<arg>${CloseButton}</arg>
<doc>Runs the given keyword with given arguments and returns the status as a Boolean value.</doc>
<kw name="Element Should Be Visible" library="SeleniumLibrary">
<arg>${CloseButton}</arg>
<doc>Verifies that the element identified by ``locator`` is visible.</doc>
<msg timestamp="20231025 10:51:23.142" level="INFO" html="true">&lt;/td&gt;&lt;/tr&gt;&lt;tr&gt;&lt;td colspan="3"&gt;&lt;a href="selenium-screenshot-1.png"&gt;&lt;img src="selenium-screenshot-1.png" width="800px"&gt;&lt;/a&gt;</msg>
<msg timestamp="20231025 10:51:23.144" level="FAIL">Element with locator '//div[@title="Close"]' not found.</msg>
<status status="FAIL" starttime="20231025 10:51:02.264" endtime="20231025 10:51:23.387"/>
</kw>
<msg timestamp="20231025 10:51:23.387" level="INFO">${CloseButtonstatus} = False</msg>
<status status="PASS" starttime="20231025 10:51:02.263" endtime="20231025 10:51:23.387"/>
</kw>
<kw name="Run Keyword If" library="BuiltIn">
<arg>${CloseButtonstatus}</arg>
<arg>Close the reader</arg>
<doc>Runs the given keyword with the given arguments, if ``condition`` is true.</doc>
<status status="PASS" starttime="20231025 10:51:23.387" endtime="20231025 10:51:23.388"/>
</kw>
<status status="PASS" starttime="20231025 10:50:58.837" endtime="20231025 10:51:23.388"/>
</iter>
<status status="PASS" starttime="20231025 10:50:34.357" endtime="20231025 10:51:23.388"/>
</for>
<doc>Testing Mandatory if login/signup appears after 3 reads as an unsigned user</doc>
<tag>Sanity</tag>
<tag>TC100</tag>
<status status="PASS" starttime="20231025 10:50:34.355" endtime="20231025 10:51:23.388"/>
</test>
<test id="s1-s1-t3" name="User should be able to login from the manadtory Login/Signup modal" line="20">
<kw name="Wait Until Element Is Visible" library="SeleniumLibrary">
<arg>${Emailbuttonmodal}</arg>
<arg>timeout=10s</arg>
<doc>Waits until the element ``locator`` is visible.</doc>
<status status="PASS" starttime="20231025 10:51:23.389" endtime="20231025 10:51:23.450"/>
</kw>
<kw name="Click on email option" library="LoginModalObjects">
<kw name="Sleep" library="BuiltIn">
<arg>2s</arg>
<doc>Pauses the test executed for the given time.</doc>
<msg timestamp="20231025 10:51:25.453" level="INFO">Slept 2 seconds</msg>
<status status="PASS" starttime="20231025 10:51:23.452" endtime="20231025 10:51:25.453"/>
</kw>
<kw name="Click Element" library="SeleniumLibrary">
<arg>${Emailbuttonmodal}</arg>
<doc>Click the element identified by ``locator``.</doc>
<msg timestamp="20231025 10:51:25.454" level="INFO">Clicking element '//a[text()="Email"]'.</msg>
<status status="PASS" starttime="20231025 10:51:25.453" endtime="20231025 10:51:25.640"/>
</kw>
<status status="PASS" starttime="20231025 10:51:23.451" endtime="20231025 10:51:25.640"/>
</kw>
<kw name="Enter email id" library="LoginModalObjects">
<arg>${UserName}</arg>
<kw name="Sleep" library="BuiltIn">
<arg>2s</arg>
<doc>Pauses the test executed for the given time.</doc>
<msg timestamp="20231025 10:51:27.641" level="INFO">Slept 2 seconds</msg>
<status status="PASS" starttime="20231025 10:51:25.641" endtime="20231025 10:51:27.641"/>
</kw>
<kw name="Input Text" library="SeleniumLibrary">
<arg>${EmailInputField}</arg>
<arg>${UserName}</arg>
<doc>Types the given ``text`` into the text field identified by ``locator``.</doc>
<msg timestamp="20231025 10:51:27.643" level="INFO">Typing text 'zahid@yopmail.com' into text field '//input[@id='auth-modal-email']'.</msg>
<status status="PASS" starttime="20231025 10:51:27.642" endtime="20231025 10:51:27.927"/>
</kw>
<status status="PASS" starttime="20231025 10:51:25.640" endtime="20231025 10:51:27.927"/>
</kw>
<kw name="Click on next button" library="LoginModalObjects">
<kw name="Click Button" library="SeleniumLibrary">
<arg>${NextButton}</arg>
<doc>Clicks the button identified by ``locator``.</doc>
<msg timestamp="20231025 10:51:27.938" level="INFO">Clicking button '//button[text()='Next']'.</msg>
<status status="PASS" starttime="20231025 10:51:27.928" endtime="20231025 10:51:28.129"/>
</kw>
<kw name="Sleep" library="BuiltIn">
<arg>3s</arg>
<doc>Pauses the test executed for the given time.</doc>
<msg timestamp="20231025 10:51:31.130" level="INFO">Slept 3 seconds</msg>
<status status="PASS" starttime="20231025 10:51:28.129" endtime="20231025 10:51:31.130"/>
</kw>
<status status="PASS" starttime="20231025 10:51:27.927" endtime="20231025 10:51:31.132"/>
</kw>
<kw name="Enter Vaild Password in password field" library="LoginModalObjects">
<kw name="Input Password" library="SeleniumLibrary">
<arg>${PasswordField}</arg>
<arg>${Password}</arg>
<doc>Types the given password into the text field identified by ``locator``.</doc>
<msg timestamp="20231025 10:51:31.137" level="INFO">Typing password into text field '//input[@id='auth-modal-password']'.</msg>
<msg timestamp="20231025 10:51:31.231" level="INFO">Temporally setting log level to: NONE</msg>
<msg timestamp="20231025 10:51:31.384" level="INFO">Log level changed from NONE to INFO.</msg>
<status status="PASS" starttime="20231025 10:51:31.133" endtime="20231025 10:51:31.384"/>
</kw>
<kw name="Sleep" library="BuiltIn">
<arg>2s</arg>
<doc>Pauses the test executed for the given time.</doc>
<msg timestamp="20231025 10:51:33.385" level="INFO">Slept 2 seconds</msg>
<status status="PASS" starttime="20231025 10:51:31.385" endtime="20231025 10:51:33.386"/>
</kw>
<status status="PASS" starttime="20231025 10:51:31.132" endtime="20231025 10:51:33.386"/>
</kw>
<kw name="Click login button after entering password" library="LoginModalObjects">
<kw name="Click Element" library="SeleniumLibrary">
<arg>${LoginButton}</arg>
<doc>Click the element identified by ``locator``.</doc>
<msg timestamp="20231025 10:51:33.387" level="INFO">Clicking element '//button[text()='Log In']'.</msg>
<status status="PASS" starttime="20231025 10:51:33.386" endtime="20231025 10:51:33.473"/>
</kw>
<kw name="Sleep" library="BuiltIn">
<arg>2s</arg>
<doc>Pauses the test executed for the given time.</doc>
<msg timestamp="20231025 10:51:35.474" level="INFO">Slept 2 seconds</msg>
<status status="PASS" starttime="20231025 10:51:33.474" endtime="20231025 10:51:35.474"/>
</kw>
<status status="PASS" starttime="20231025 10:51:33.386" endtime="20231025 10:51:35.475"/>
</kw>
<kw name="Verify the notification for Successfully login" library="LoginModalObjects">
<kw name="Element Text Should Be" library="SeleniumLibrary">
<arg>${GlobalSlimNotification}</arg>
<arg>Login Successful</arg>
<doc>Verifies that element ``locator`` contains exact the text ``expected``.</doc>
<msg timestamp="20231025 10:51:35.476" level="INFO">Verifying element 'xpath=//div[@class="pb-slim-notification-container"]' contains exact text 'Login Successful'.</msg>
<status status="PASS" starttime="20231025 10:51:35.476" endtime="20231025 10:51:35.538"/>
</kw>
<kw name="Log" library="BuiltIn">
<arg>Login Successful</arg>
<doc>Logs the given message with the given level.</doc>
<msg timestamp="20231025 10:51:35.539" level="INFO">Login Successful</msg>
<status status="PASS" starttime="20231025 10:51:35.539" endtime="20231025 10:51:35.539"/>
</kw>
<status status="PASS" starttime="20231025 10:51:35.475" endtime="20231025 10:51:35.540"/>
</kw>
<tag>Sanity</tag>
<tag>TC101</tag>
<status status="PASS" starttime="20231025 10:51:23.389" endtime="20231025 10:51:35.540"/>
</test>
<test id="s1-s1-t4" name="Test Teardown" line="29">
<kw name="Close_the_browser" library="common">
<kw name="Close Browser" library="SeleniumLibrary">
<doc>Closes the current browser.</doc>
<status status="PASS" starttime="20231025 10:51:35.543" endtime="20231025 10:51:37.141"/>
</kw>
<status status="PASS" starttime="20231025 10:51:35.543" endtime="20231025 10:51:37.142"/>
</kw>
<status status="PASS" starttime="20231025 10:51:35.542" endtime="20231025 10:51:37.142"/>
</test>
<status status="PASS" starttime="20231025 10:50:09.407" endtime="20231025 10:51:37.143"/>
</suite>
<status status="PASS" starttime="20231025 10:50:09.372" endtime="20231025 10:51:37.146"/>
</suite>
<statistics>
<total>
<stat pass="4" fail="0" skip="0">All Tests</stat>
</total>
<tag>
<stat pass="2" fail="0" skip="0">Sanity</stat>
<stat pass="1" fail="0" skip="0">TC100</stat>
<stat pass="1" fail="0" skip="0">TC101</stat>
</tag>
<suite>
<stat pass="4" fail="0" skip="0" id="s1" name="Test Suites">Test Suites</stat>
<stat pass="4" fail="0" skip="0" id="s1-s1" name="Mandatory Login Test">Test Suites.Mandatory Login Test</stat>
</suite>
</statistics>
<errors>
</errors>
</robot>
